<?xml version='1.0' encoding='UTF-8'?>
<testsuite hostname="Yukihides-MacBook-Air.local" name="example.HelloSpec" tests="1" errors="0" failures="0" skipped="0" time="0.006" timestamp="2023-01-12T13:05:47">
                     <properties>
[...]
</properties>
                     <testcase classname="example.HelloSpec" name="The Hello object should say hello" time="0.006">
                                                 
                                               </testcase>
                     <system-out><![CDATA[]]></system-out>
                     <system-err><![CDATA[]]></system-err>
                   </testsuite>